<?xml version="1.0" encoding="UTF-8"?>
<!-- Generated by org.testng.reporters.JUnitReportReporter -->
<testsuite skipped="0" hostname="anushakm-Standard-PC-i440FX-PIIX-1996" name="AppiumOurkids.Practical.AppTest" tests="1" failures="0" timestamp="01 Nov 2019 06:15:36 GMT" time="0.013" errors="0">
  <testcase name="testApp" time="0.013" classname="AppiumOurkids.Practical.AppTest"/>
</testsuite> <!-- AppiumOurkids.Practical.AppTest -->
